2025-01-06T14:01:51.438Z [INFO]: de app werkt
2025-01-16T22:23:02.739Z [INFO]: de app werkt
2025-01-16T22:23:24.957Z [INFO]: de app werkt
2025-01-16T22:24:45.276Z [INFO]: de app werkt
2025-01-16T22:25:33.921Z [INFO]: de app werkt
2025-01-16T22:31:35.581Z [INFO]: de app werkt
2025-01-16T22:31:42.435Z [INFO]: de app werkt
2025-01-16T22:33:06.632Z [INFO]: de app werkt
2025-01-17T15:19:11.609Z [INFO]: Succesvol verbonden met MongoDB
2025-01-17T15:19:11.611Z [INFO]: Server draait op poort 8888;
2025-01-17T15:20:43.977Z [INFO]: Succesvol verbonden met MongoDB
2025-01-17T15:21:05.899Z [INFO]: Succesvol verbonden met MongoDB
2025-01-17T15:21:05.900Z [INFO]: Server draait op poort 8888;
2025-01-17T16:35:47.469Z [INFO]: Succesvol verbonden met MongoDB
2025-01-17T16:36:33.254Z [INFO]: Succesvol verbonden met MongoDB
2025-01-17T16:37:46.413Z [INFO]: Succesvol verbonden met MongoDB
2025-01-17T16:37:51.156Z [INFO]: Succesvol verbonden met MongoDB
2025-01-17T16:38:00.412Z [INFO]: Succesvol verbonden met MongoDB
2025-01-17T16:38:01.832Z [INFO]: Succesvol verbonden met MongoDB
2025-01-17T16:38:03.036Z [INFO]: Succesvol verbonden met MongoDB
2025-01-17T16:38:07.279Z [INFO]: Succesvol verbonden met MongoDB
2025-01-17T16:38:16.244Z [INFO]: Succesvol verbonden met MongoDB
2025-01-17T16:38:20.123Z [INFO]: Succesvol verbonden met MongoDB
2025-01-17T16:38:22.161Z [INFO]: Succesvol verbonden met MongoDB
2025-01-17T16:38:29.311Z [INFO]: Succesvol verbonden met MongoDB
2025-01-17T16:38:35.426Z [INFO]: Succesvol verbonden met MongoDB
2025-01-17T16:38:39.395Z [INFO]: Succesvol verbonden met MongoDB
2025-01-17T16:38:47.638Z [INFO]: Succesvol verbonden met MongoDB
2025-01-17T16:38:49.317Z [INFO]: Succesvol verbonden met MongoDB
2025-01-17T16:38:51.552Z [INFO]: Succesvol verbonden met MongoDB
2025-01-17T16:39:03.301Z [INFO]: Succesvol verbonden met MongoDB
2025-01-17T16:39:27.962Z [INFO]: Succesvol verbonden met MongoDB
2025-01-17T16:39:49.666Z [INFO]: Succesvol verbonden met MongoDB
2025-01-17T16:39:53.962Z [INFO]: Succesvol verbonden met MongoDB
2025-01-17T16:39:58.952Z [INFO]: Succesvol verbonden met MongoDB
2025-01-17T16:41:24.788Z [INFO]: Succesvol verbonden met MongoDB
2025-01-17T16:41:34.523Z [INFO]: Succesvol verbonden met MongoDB
2025-01-17T16:41:39.845Z [INFO]: Succesvol verbonden met MongoDB
2025-01-17T16:41:43.766Z [INFO]: Succesvol verbonden met MongoDB
2025-01-17T16:41:46.825Z [INFO]: Succesvol verbonden met MongoDB
2025-01-17T16:41:49.698Z [INFO]: Succesvol verbonden met MongoDB
2025-01-17T16:41:54.181Z [INFO]: Succesvol verbonden met MongoDB
2025-01-17T16:41:59.057Z [INFO]: Succesvol verbonden met MongoDB
2025-01-17T16:42:00.406Z [INFO]: Succesvol verbonden met MongoDB
2025-01-17T16:42:01.600Z [INFO]: Succesvol verbonden met MongoDB
2025-01-17T16:42:04.599Z [INFO]: Succesvol verbonden met MongoDB
2025-01-17T16:42:07.991Z [INFO]: Succesvol verbonden met MongoDB
2025-01-17T16:42:12.097Z [INFO]: Succesvol verbonden met MongoDB
2025-01-17T16:42:13.689Z [INFO]: Succesvol verbonden met MongoDB
2025-01-17T16:42:28.612Z [INFO]: Succesvol verbonden met MongoDB
2025-01-17T16:42:31.781Z [INFO]: Succesvol verbonden met MongoDB
2025-01-17T16:42:39.921Z [INFO]: Succesvol verbonden met MongoDB
2025-01-17T16:42:43.088Z [INFO]: Succesvol verbonden met MongoDB
2025-01-17T16:42:47.671Z [INFO]: Succesvol verbonden met MongoDB
2025-01-17T16:42:48.829Z [INFO]: Succesvol verbonden met MongoDB
2025-01-17T16:42:55.490Z [INFO]: Succesvol verbonden met MongoDB
2025-01-17T16:42:58.131Z [INFO]: Succesvol verbonden met MongoDB
2025-01-17T16:43:00.225Z [INFO]: Succesvol verbonden met MongoDB
2025-01-17T16:43:02.206Z [INFO]: Succesvol verbonden met MongoDB
2025-01-17T16:43:03.277Z [INFO]: Succesvol verbonden met MongoDB
2025-01-17T16:43:16.795Z [INFO]: Succesvol verbonden met MongoDB
2025-01-17T16:43:22.096Z [INFO]: Succesvol verbonden met MongoDB
2025-01-17T16:43:25.223Z [INFO]: Succesvol verbonden met MongoDB
2025-01-17T16:43:26.522Z [INFO]: Succesvol verbonden met MongoDB
2025-01-17T16:43:28.013Z [INFO]: Succesvol verbonden met MongoDB
2025-01-17T16:43:31.646Z [INFO]: Succesvol verbonden met MongoDB
2025-01-17T16:43:40.588Z [INFO]: Succesvol verbonden met MongoDB
2025-01-17T16:43:44.208Z [INFO]: Succesvol verbonden met MongoDB
2025-01-17T16:43:48.881Z [INFO]: Succesvol verbonden met MongoDB
2025-01-17T16:43:52.213Z [INFO]: Succesvol verbonden met MongoDB
2025-01-17T16:44:01.247Z [INFO]: Succesvol verbonden met MongoDB
2025-01-17T16:44:03.459Z [INFO]: Succesvol verbonden met MongoDB
2025-01-17T16:44:09.314Z [INFO]: Succesvol verbonden met MongoDB
2025-01-17T16:44:10.688Z [INFO]: Succesvol verbonden met MongoDB
2025-01-17T16:44:13.988Z [INFO]: Succesvol verbonden met MongoDB
2025-01-17T16:44:18.272Z [INFO]: Succesvol verbonden met MongoDB
2025-01-17T16:44:19.792Z [INFO]: Succesvol verbonden met MongoDB
2025-01-17T16:44:27.451Z [INFO]: Succesvol verbonden met MongoDB
2025-01-17T16:44:31.532Z [INFO]: Succesvol verbonden met MongoDB
2025-01-17T16:44:38.544Z [INFO]: Succesvol verbonden met MongoDB
2025-01-17T16:44:39.977Z [INFO]: Succesvol verbonden met MongoDB
2025-01-17T16:44:43.265Z [INFO]: Succesvol verbonden met MongoDB
2025-01-17T16:44:47.840Z [INFO]: Succesvol verbonden met MongoDB
2025-01-17T16:44:50.578Z [INFO]: Succesvol verbonden met MongoDB
2025-01-17T16:44:53.673Z [INFO]: Succesvol verbonden met MongoDB
2025-01-17T16:45:00.285Z [INFO]: Succesvol verbonden met MongoDB
2025-01-17T16:45:02.314Z [INFO]: Succesvol verbonden met MongoDB
2025-01-17T16:45:04.193Z [INFO]: Succesvol verbonden met MongoDB
2025-01-17T16:45:07.209Z [INFO]: Succesvol verbonden met MongoDB
2025-01-17T16:45:08.700Z [INFO]: Succesvol verbonden met MongoDB
2025-01-17T16:45:11.365Z [INFO]: Succesvol verbonden met MongoDB
2025-01-17T16:45:13.449Z [INFO]: Succesvol verbonden met MongoDB
2025-01-17T16:45:21.580Z [INFO]: Succesvol verbonden met MongoDB
2025-01-17T16:45:24.752Z [INFO]: Succesvol verbonden met MongoDB
2025-01-17T16:45:26.802Z [INFO]: Succesvol verbonden met MongoDB
2025-01-17T16:45:32.319Z [INFO]: Succesvol verbonden met MongoDB
2025-01-17T16:45:38.325Z [INFO]: Succesvol verbonden met MongoDB
2025-01-17T16:45:39.382Z [INFO]: Succesvol verbonden met MongoDB
2025-01-17T16:45:41.783Z [INFO]: Succesvol verbonden met MongoDB
2025-01-17T16:45:43.337Z [INFO]: Succesvol verbonden met MongoDB
2025-01-17T16:45:45.760Z [INFO]: Succesvol verbonden met MongoDB
2025-01-17T16:45:50.218Z [INFO]: Succesvol verbonden met MongoDB
2025-01-17T16:45:52.264Z [INFO]: Succesvol verbonden met MongoDB
2025-01-17T16:45:59.569Z [INFO]: Succesvol verbonden met MongoDB
2025-01-17T16:46:02.609Z [INFO]: Succesvol verbonden met MongoDB
2025-01-17T16:46:04.722Z [INFO]: Succesvol verbonden met MongoDB
2025-01-17T16:46:07.596Z [INFO]: Succesvol verbonden met MongoDB
2025-01-17T16:46:09.103Z [INFO]: Succesvol verbonden met MongoDB
2025-01-17T16:46:11.392Z [INFO]: Succesvol verbonden met MongoDB
2025-01-17T16:46:15.292Z [INFO]: Succesvol verbonden met MongoDB
2025-01-17T16:46:16.548Z [INFO]: Succesvol verbonden met MongoDB
2025-01-17T16:46:19.573Z [INFO]: Succesvol verbonden met MongoDB
2025-01-17T16:46:27.877Z [INFO]: Succesvol verbonden met MongoDB
2025-01-17T16:46:30.634Z [INFO]: Succesvol verbonden met MongoDB
2025-01-17T16:46:33.261Z [INFO]: Succesvol verbonden met MongoDB
2025-01-17T16:46:39.122Z [INFO]: Succesvol verbonden met MongoDB
2025-01-17T16:46:47.135Z [INFO]: Succesvol verbonden met MongoDB
2025-01-17T16:46:48.797Z [INFO]: Succesvol verbonden met MongoDB
2025-01-17T16:46:49.826Z [INFO]: Succesvol verbonden met MongoDB
2025-01-17T16:47:07.017Z [INFO]: Succesvol verbonden met MongoDB
2025-01-17T16:47:07.947Z [INFO]: Succesvol verbonden met MongoDB
2025-01-17T16:47:10.559Z [INFO]: Succesvol verbonden met MongoDB
2025-01-17T16:47:14.010Z [INFO]: Succesvol verbonden met MongoDB
2025-01-17T16:47:17.789Z [INFO]: Succesvol verbonden met MongoDB
2025-01-17T16:47:19.193Z [INFO]: Succesvol verbonden met MongoDB
2025-01-17T16:47:29.305Z [INFO]: Succesvol verbonden met MongoDB
2025-01-17T16:48:11.228Z [INFO]: Succesvol verbonden met MongoDB
2025-01-17T16:48:14.049Z [INFO]: Succesvol verbonden met MongoDB
2025-01-17T16:48:31.852Z [INFO]: Succesvol verbonden met MongoDB
2025-01-17T16:48:34.786Z [INFO]: Succesvol verbonden met MongoDB
2025-01-17T16:48:35.945Z [INFO]: Succesvol verbonden met MongoDB
2025-01-17T16:48:41.516Z [INFO]: Succesvol verbonden met MongoDB
2025-01-17T16:48:42.850Z [INFO]: Succesvol verbonden met MongoDB
2025-01-17T16:48:45.786Z [INFO]: Succesvol verbonden met MongoDB
2025-01-17T16:48:51.216Z [INFO]: Succesvol verbonden met MongoDB
2025-01-17T16:48:57.314Z [INFO]: Succesvol verbonden met MongoDB
2025-01-17T16:49:32.631Z [INFO]: Succesvol verbonden met MongoDB
2025-01-17T16:49:36.004Z [INFO]: Succesvol verbonden met MongoDB
2025-01-17T16:49:38.918Z [INFO]: Succesvol verbonden met MongoDB
2025-01-17T16:49:42.773Z [INFO]: Succesvol verbonden met MongoDB
2025-01-17T16:49:55.856Z [INFO]: Succesvol verbonden met MongoDB
2025-01-17T16:50:10.758Z [INFO]: Succesvol verbonden met MongoDB
2025-01-17T16:50:20.354Z [INFO]: Succesvol verbonden met MongoDB
2025-01-17T16:50:26.784Z [INFO]: Succesvol verbonden met MongoDB
2025-01-17T16:50:32.215Z [INFO]: Succesvol verbonden met MongoDB
2025-01-17T17:31:05.416Z [INFO]: Succesvol verbonden met MongoDB
2025-01-17T17:31:05.423Z [INFO]: Server draait op poort 8888;
2025-01-17T17:31:21.433Z [INFO]: Succesvol verbonden met MongoDB
2025-01-17T17:34:44.303Z [INFO]: Succesvol verbonden met MongoDB
2025-01-17T17:34:48.083Z [INFO]: Succesvol verbonden met MongoDB
2025-01-17T17:36:05.248Z [INFO]: Succesvol verbonden met MongoDB
2025-01-17T17:36:34.121Z [INFO]: Succesvol verbonden met MongoDB
2025-01-17T17:36:35.208Z [INFO]: Succesvol verbonden met MongoDB
2025-01-17T17:36:40.635Z [INFO]: Succesvol verbonden met MongoDB
2025-01-17T17:36:58.892Z [INFO]: Succesvol verbonden met MongoDB
2025-01-17T17:37:02.658Z [INFO]: Succesvol verbonden met MongoDB
2025-01-17T17:37:05.994Z [INFO]: Succesvol verbonden met MongoDB
2025-01-17T17:37:08.176Z [INFO]: Succesvol verbonden met MongoDB
2025-01-17T17:37:24.637Z [INFO]: Succesvol verbonden met MongoDB
2025-01-17T17:37:37.525Z [INFO]: Succesvol verbonden met MongoDB
2025-01-17T17:37:44.175Z [INFO]: Succesvol verbonden met MongoDB
2025-01-17T17:38:35.867Z [INFO]: Succesvol verbonden met MongoDB
2025-01-17T17:38:36.926Z [INFO]: Succesvol verbonden met MongoDB
2025-01-17T17:38:42.278Z [INFO]: Succesvol verbonden met MongoDB
2025-01-17T17:38:48.912Z [INFO]: Succesvol verbonden met MongoDB
2025-01-17T17:38:55.358Z [INFO]: Succesvol verbonden met MongoDB
2025-01-17T17:38:57.929Z [INFO]: Succesvol verbonden met MongoDB
2025-01-17T17:38:59.304Z [INFO]: Succesvol verbonden met MongoDB
2025-01-17T17:39:13.046Z [INFO]: Succesvol verbonden met MongoDB
2025-01-17T17:39:25.626Z [INFO]: Succesvol verbonden met MongoDB
2025-01-17T17:39:31.228Z [INFO]: Succesvol verbonden met MongoDB
2025-01-17T17:39:38.474Z [INFO]: Succesvol verbonden met MongoDB
2025-01-17T17:39:56.659Z [INFO]: Succesvol verbonden met MongoDB
2025-01-17T17:40:02.486Z [INFO]: Succesvol verbonden met MongoDB
2025-01-17T17:40:08.009Z [INFO]: Succesvol verbonden met MongoDB
2025-01-17T17:40:14.774Z [INFO]: Succesvol verbonden met MongoDB
2025-01-17T17:40:25.831Z [INFO]: Succesvol verbonden met MongoDB
2025-01-17T17:40:41.989Z [INFO]: Succesvol verbonden met MongoDB
2025-01-17T17:40:43.340Z [INFO]: Succesvol verbonden met MongoDB
2025-01-20T09:19:08.944Z [INFO]: Registering inventory routes
2025-01-20T09:19:58.233Z [INFO]: Registering inventory routes
2025-01-20T09:20:00.671Z [INFO]: Registering inventory routes
2025-01-20T09:20:10.209Z [INFO]: Registering inventory routes
2025-01-20T09:21:03.909Z [INFO]: Registering inventory routes
2025-01-20T09:21:31.777Z [INFO]: Registering inventory routes
2025-01-20T09:21:47.687Z [INFO]: Registering inventory routes
2025-01-20T09:30:07.389Z [INFO]: Registering inventory routes
2025-01-20T09:30:39.657Z [INFO]: Registering inventory routes
2025-01-20T09:30:53.429Z [INFO]: Registering inventory routes
2025-01-20T09:30:54.910Z [INFO]: Registering inventory routes
2025-01-20T09:30:58.771Z [INFO]: Registering inventory routes
2025-01-20T09:31:02.986Z [INFO]: Registering inventory routes
2025-01-20T09:32:38.334Z [INFO]: Registering inventory routes
2025-01-20T09:34:58.158Z [INFO]: Registering inventory routes
2025-01-20T09:34:58.168Z [INFO]: Server draait op poort 27017
2025-01-20T09:34:58.171Z [INFO]: Succesvol verbonden met MongoDB
2025-01-20T09:36:25.444Z [INFO]: Registering inventory routes
2025-01-20T09:36:25.452Z [INFO]: Server draait op poort 27017
2025-01-20T09:36:25.456Z [INFO]: Succesvol verbonden met MongoDB
2025-01-20T09:36:31.612Z [INFO]: Registering inventory routes
2025-01-20T09:36:31.621Z [INFO]: Server draait op poort 27017
2025-01-20T09:36:31.625Z [INFO]: Succesvol verbonden met MongoDB
2025-01-20T09:36:37.122Z [INFO]: Registering inventory routes
2025-01-20T09:36:37.131Z [INFO]: Server draait op poort 27017
2025-01-20T09:36:37.136Z [INFO]: Succesvol verbonden met MongoDB
2025-01-20T09:36:42.952Z [INFO]: Registering inventory routes
2025-01-20T09:36:42.963Z [INFO]: Server draait op poort 27017
2025-01-20T09:36:42.968Z [INFO]: Succesvol verbonden met MongoDB
2025-01-20T09:36:53.672Z [INFO]: Registering inventory routes
2025-01-20T09:36:57.979Z [INFO]: Registering inventory routes
2025-01-20T09:37:00.776Z [INFO]: Registering inventory routes
2025-01-20T09:37:00.785Z [INFO]: Server draait op poort 27017
2025-01-20T09:37:00.789Z [INFO]: Succesvol verbonden met MongoDB
2025-01-20T09:38:35.438Z [INFO]: Registering inventory routes
2025-01-20T09:38:35.448Z [INFO]: Server draait op poort 27017
2025-01-20T09:38:35.454Z [INFO]: Succesvol verbonden met MongoDB
2025-01-20T09:41:23.688Z [INFO]: Registering inventory routes
2025-01-20T09:41:23.698Z [INFO]: Server draait op poort 27017
2025-01-20T09:41:23.702Z [INFO]: Succesvol verbonden met MongoDB
2025-01-20T09:41:24.562Z [INFO]: Registering inventory routes
2025-01-20T09:41:24.570Z [INFO]: Server draait op poort 27017
2025-01-20T09:41:24.575Z [INFO]: Succesvol verbonden met MongoDB
2025-01-20T09:41:26.612Z [INFO]: Registering inventory routes
2025-01-20T09:41:26.621Z [INFO]: Server draait op poort 27017
2025-01-20T09:41:26.624Z [INFO]: Succesvol verbonden met MongoDB
2025-01-20T09:41:32.633Z [INFO]: Registering inventory routes
2025-01-20T09:41:32.641Z [INFO]: Server draait op poort 27017
2025-01-20T09:41:32.645Z [INFO]: Succesvol verbonden met MongoDB
2025-01-20T09:41:34.032Z [INFO]: Registering inventory routes
2025-01-20T09:41:34.041Z [INFO]: Server draait op poort 27017
2025-01-20T09:41:34.044Z [INFO]: Succesvol verbonden met MongoDB
2025-01-20T09:41:40.982Z [INFO]: Registering inventory routes
2025-01-20T09:41:40.990Z [INFO]: Server draait op poort 27017
2025-01-20T09:41:40.994Z [INFO]: Succesvol verbonden met MongoDB
2025-01-20T09:42:01.452Z [INFO]: Registering inventory routes
2025-01-20T09:42:01.462Z [INFO]: Server draait op poort 27017
2025-01-20T09:42:01.466Z [INFO]: Succesvol verbonden met MongoDB
2025-01-20T09:42:04.215Z [INFO]: Registering inventory routes
2025-01-20T09:42:04.223Z [INFO]: Server draait op poort 27017
2025-01-20T09:42:04.227Z [INFO]: Succesvol verbonden met MongoDB
2025-01-20T09:42:06.799Z [INFO]: Registering inventory routes
2025-01-20T09:42:06.807Z [INFO]: Server draait op poort 27017
2025-01-20T09:42:06.811Z [INFO]: Succesvol verbonden met MongoDB
2025-01-20T09:42:09.312Z [INFO]: Registering inventory routes
2025-01-20T09:42:09.320Z [INFO]: Server draait op poort 27017
2025-01-20T09:42:09.324Z [INFO]: Succesvol verbonden met MongoDB
2025-01-20T09:42:11.814Z [INFO]: Registering inventory routes
2025-01-20T09:42:11.823Z [INFO]: Server draait op poort 27017
2025-01-20T09:42:11.827Z [INFO]: Succesvol verbonden met MongoDB
2025-01-20T09:42:13.772Z [INFO]: Registering inventory routes
2025-01-20T09:42:13.782Z [INFO]: Server draait op poort 27017
2025-01-20T09:42:13.786Z [INFO]: Succesvol verbonden met MongoDB
2025-01-20T09:42:15.574Z [INFO]: Registering inventory routes
2025-01-20T09:42:15.583Z [INFO]: Server draait op poort 27017
2025-01-20T09:42:15.587Z [INFO]: Succesvol verbonden met MongoDB
2025-01-20T09:42:17.018Z [INFO]: Registering inventory routes
2025-01-20T09:42:17.029Z [INFO]: Server draait op poort 27017
2025-01-20T09:42:17.033Z [INFO]: Succesvol verbonden met MongoDB
2025-01-20T09:42:18.450Z [INFO]: Registering inventory routes
2025-01-20T09:42:18.458Z [INFO]: Server draait op poort 27017
2025-01-20T09:42:18.461Z [INFO]: Succesvol verbonden met MongoDB
2025-01-20T09:42:19.719Z [INFO]: Registering inventory routes
2025-01-20T09:42:19.727Z [INFO]: Server draait op poort 27017
2025-01-20T09:42:19.731Z [INFO]: Succesvol verbonden met MongoDB
2025-01-20T09:42:21.382Z [INFO]: Registering inventory routes
2025-01-20T09:42:21.392Z [INFO]: Server draait op poort 27017
2025-01-20T09:42:21.395Z [INFO]: Succesvol verbonden met MongoDB
2025-01-20T09:42:27.721Z [INFO]: Registering inventory routes
2025-01-20T09:42:27.729Z [INFO]: Server draait op poort 27017
2025-01-20T09:42:27.733Z [INFO]: Succesvol verbonden met MongoDB
2025-01-20T09:42:31.629Z [INFO]: Registering inventory routes
2025-01-20T09:42:31.641Z [INFO]: Server draait op poort 27017
2025-01-20T09:42:31.645Z [INFO]: Succesvol verbonden met MongoDB
2025-01-20T09:42:37.107Z [INFO]: Registering inventory routes
2025-01-20T09:42:37.116Z [INFO]: Server draait op poort 27017
2025-01-20T09:42:37.119Z [INFO]: Succesvol verbonden met MongoDB
2025-01-20T09:42:40.549Z [INFO]: Registering inventory routes
2025-01-20T09:42:40.557Z [INFO]: Server draait op poort 27017
2025-01-20T09:42:40.561Z [INFO]: Succesvol verbonden met MongoDB
2025-01-20T09:42:41.714Z [INFO]: Registering inventory routes
2025-01-20T09:42:41.723Z [INFO]: Server draait op poort 27017
2025-01-20T09:42:41.727Z [INFO]: Succesvol verbonden met MongoDB
2025-01-20T09:43:06.933Z [INFO]: Registering inventory routes
2025-01-20T09:43:06.943Z [INFO]: Server draait op poort 27017
2025-01-20T09:43:06.948Z [INFO]: Succesvol verbonden met MongoDB
2025-01-20T09:43:14.802Z [INFO]: Registering inventory routes
2025-01-20T09:43:14.810Z [INFO]: Server draait op poort 27017
2025-01-20T09:43:14.814Z [INFO]: Succesvol verbonden met MongoDB
2025-01-20T09:43:17.723Z [INFO]: Registering inventory routes
2025-01-20T09:43:17.733Z [INFO]: Server draait op poort 27017
2025-01-20T09:43:17.736Z [INFO]: Succesvol verbonden met MongoDB
2025-01-20T09:43:21.466Z [INFO]: Registering inventory routes
2025-01-20T09:43:21.475Z [INFO]: Server draait op poort 27017
2025-01-20T09:43:21.479Z [INFO]: Succesvol verbonden met MongoDB
2025-01-20T09:43:27.241Z [INFO]: Registering inventory routes
2025-01-20T09:43:27.251Z [INFO]: Server draait op poort 27017
2025-01-20T09:43:27.255Z [INFO]: Succesvol verbonden met MongoDB
2025-01-20T09:43:29.789Z [INFO]: Registering inventory routes
2025-01-20T09:43:29.797Z [INFO]: Server draait op poort 27017
2025-01-20T09:43:29.817Z [INFO]: Succesvol verbonden met MongoDB
2025-01-20T09:43:32.331Z [INFO]: Registering inventory routes
2025-01-20T09:43:32.338Z [INFO]: Server draait op poort 27017
2025-01-20T09:43:32.343Z [INFO]: Succesvol verbonden met MongoDB
2025-01-20T09:43:34.704Z [INFO]: Registering inventory routes
2025-01-20T09:43:34.712Z [INFO]: Server draait op poort 27017
2025-01-20T09:43:34.717Z [INFO]: Succesvol verbonden met MongoDB
2025-01-20T09:43:38.294Z [INFO]: Registering inventory routes
2025-01-20T09:43:38.304Z [INFO]: Server draait op poort 27017
2025-01-20T09:43:38.308Z [INFO]: Succesvol verbonden met MongoDB
2025-01-20T09:43:43.817Z [INFO]: Registering inventory routes
2025-01-20T09:43:43.825Z [INFO]: Server draait op poort 27017
2025-01-20T09:43:43.829Z [INFO]: Succesvol verbonden met MongoDB
2025-01-20T09:43:50.711Z [INFO]: Registering inventory routes
2025-01-20T09:43:50.720Z [INFO]: Server draait op poort 27017
2025-01-20T09:43:50.724Z [INFO]: Succesvol verbonden met MongoDB
2025-01-20T09:43:53.011Z [INFO]: Registering inventory routes
2025-01-20T09:43:53.019Z [INFO]: Server draait op poort 27017
2025-01-20T09:43:53.023Z [INFO]: Succesvol verbonden met MongoDB
2025-01-20T09:43:54.839Z [INFO]: Registering inventory routes
2025-01-20T09:43:54.847Z [INFO]: Server draait op poort 27017
2025-01-20T09:43:54.852Z [INFO]: Succesvol verbonden met MongoDB
2025-01-20T09:43:57.210Z [INFO]: Registering inventory routes
2025-01-20T09:43:57.218Z [INFO]: Server draait op poort 27017
2025-01-20T09:43:57.222Z [INFO]: Succesvol verbonden met MongoDB
2025-01-20T09:44:04.045Z [INFO]: Registering inventory routes
2025-01-20T09:44:04.054Z [INFO]: Server draait op poort 27017
2025-01-20T09:44:04.058Z [INFO]: Succesvol verbonden met MongoDB
2025-01-20T09:44:06.849Z [INFO]: Registering inventory routes
2025-01-20T09:44:06.858Z [INFO]: Server draait op poort 27017
2025-01-20T09:44:06.862Z [INFO]: Succesvol verbonden met MongoDB
2025-01-20T09:44:09.333Z [INFO]: Registering inventory routes
2025-01-20T09:44:09.340Z [INFO]: Server draait op poort 27017
2025-01-20T09:44:09.344Z [INFO]: Succesvol verbonden met MongoDB
2025-01-20T09:44:14.070Z [INFO]: Registering inventory routes
2025-01-20T09:44:14.082Z [INFO]: Server draait op poort 27017
2025-01-20T09:44:14.085Z [INFO]: Succesvol verbonden met MongoDB
2025-01-20T09:44:16.595Z [INFO]: Registering inventory routes
2025-01-20T09:44:16.603Z [INFO]: Server draait op poort 27017
2025-01-20T09:44:16.607Z [INFO]: Succesvol verbonden met MongoDB
2025-01-20T09:44:27.696Z [INFO]: Registering inventory routes
2025-01-20T09:44:27.705Z [INFO]: Server draait op poort 27017
2025-01-20T09:44:27.709Z [INFO]: Succesvol verbonden met MongoDB
2025-01-20T09:44:29.220Z [INFO]: Registering inventory routes
2025-01-20T09:44:29.228Z [INFO]: Server draait op poort 27017
2025-01-20T09:44:29.232Z [INFO]: Succesvol verbonden met MongoDB
2025-01-20T09:44:34.681Z [INFO]: Registering inventory routes
2025-01-20T09:44:34.689Z [INFO]: Server draait op poort 27017
2025-01-20T09:44:34.693Z [INFO]: Succesvol verbonden met MongoDB
2025-01-20T09:44:48.013Z [INFO]: Registering inventory routes
2025-01-20T09:44:48.022Z [INFO]: Server draait op poort 27017
2025-01-20T09:44:48.027Z [INFO]: Succesvol verbonden met MongoDB
2025-01-20T09:44:51.001Z [INFO]: Registering inventory routes
2025-01-20T09:44:51.010Z [INFO]: Server draait op poort 27017
2025-01-20T09:44:51.014Z [INFO]: Succesvol verbonden met MongoDB
2025-01-20T09:44:58.777Z [INFO]: Registering inventory routes
2025-01-20T09:44:58.787Z [INFO]: Server draait op poort 27017
2025-01-20T09:44:58.791Z [INFO]: Succesvol verbonden met MongoDB
2025-01-20T09:45:02.496Z [INFO]: Registering inventory routes
2025-01-20T09:45:02.504Z [INFO]: Server draait op poort 27017
2025-01-20T09:45:02.508Z [INFO]: Succesvol verbonden met MongoDB
2025-01-20T09:45:03.967Z [INFO]: Registering inventory routes
2025-01-20T09:45:03.976Z [INFO]: Server draait op poort 27017
2025-01-20T09:45:03.980Z [INFO]: Succesvol verbonden met MongoDB
2025-01-20T09:45:07.416Z [INFO]: Registering inventory routes
2025-01-20T09:45:07.424Z [INFO]: Server draait op poort 27017
2025-01-20T09:45:07.428Z [INFO]: Succesvol verbonden met MongoDB
2025-01-20T09:45:09.803Z [INFO]: Registering inventory routes
2025-01-20T09:45:09.811Z [INFO]: Server draait op poort 27017
2025-01-20T09:45:09.815Z [INFO]: Succesvol verbonden met MongoDB
2025-01-20T09:45:23.744Z [INFO]: Registering inventory routes
2025-01-20T09:45:23.753Z [INFO]: Server draait op poort 27017
2025-01-20T09:45:23.757Z [INFO]: Succesvol verbonden met MongoDB
2025-01-20T09:45:25.671Z [INFO]: Registering inventory routes
2025-01-20T09:45:25.680Z [INFO]: Server draait op poort 27017
2025-01-20T09:45:25.684Z [INFO]: Succesvol verbonden met MongoDB
2025-01-20T09:45:27.961Z [INFO]: Registering inventory routes
2025-01-20T09:45:27.969Z [INFO]: Server draait op poort 27017
2025-01-20T09:45:27.974Z [INFO]: Succesvol verbonden met MongoDB
2025-01-20T09:47:52.278Z [INFO]: Registering inventory routes
2025-01-20T09:47:52.288Z [INFO]: Server draait op poort 27017
2025-01-20T09:47:52.291Z [INFO]: Succesvol verbonden met MongoDB
2025-01-20T09:48:01.232Z [INFO]: Registering inventory routes
2025-01-20T09:48:01.241Z [INFO]: Server draait op poort 27017
2025-01-20T09:48:01.246Z [INFO]: Succesvol verbonden met MongoDB
2025-01-20T09:59:54.060Z [INFO]: Registering inventory routes
2025-01-20T09:59:54.074Z [INFO]: Server draait op poort 27017
2025-01-20T09:59:54.079Z [INFO]: Succesvol verbonden met MongoDB
2025-01-20T09:59:55.288Z [INFO]: Registering inventory routes
2025-01-20T09:59:55.297Z [INFO]: Server draait op poort 27017
2025-01-20T09:59:55.301Z [INFO]: Succesvol verbonden met MongoDB
2025-01-20T10:03:27.620Z [INFO]: Registering inventory routes
2025-01-20T10:03:27.630Z [INFO]: Server draait op poort 27017
2025-01-20T10:03:27.634Z [INFO]: Succesvol verbonden met MongoDB
2025-01-20T10:03:28.854Z [INFO]: Registering inventory routes
2025-01-20T10:03:28.863Z [INFO]: Server draait op poort 27017
2025-01-20T10:03:28.867Z [INFO]: Succesvol verbonden met MongoDB
2025-01-20T10:04:41.741Z [INFO]: Registering inventory routes
2025-01-20T10:04:41.750Z [INFO]: Server draait op poort 27017
2025-01-20T10:04:41.754Z [INFO]: Succesvol verbonden met MongoDB
2025-01-20T10:04:51.629Z [INFO]: Registering inventory routes
2025-01-20T10:04:51.638Z [INFO]: Server draait op poort 27017
2025-01-20T10:04:51.642Z [INFO]: Succesvol verbonden met MongoDB
2025-01-20T10:04:52.956Z [INFO]: Registering inventory routes
2025-01-20T10:04:52.965Z [INFO]: Server draait op poort 27017
2025-01-20T10:04:52.969Z [INFO]: Succesvol verbonden met MongoDB
2025-01-20T10:04:55.964Z [INFO]: Registering inventory routes
2025-01-20T10:04:55.974Z [INFO]: Server draait op poort 27017
2025-01-20T10:04:55.978Z [INFO]: Succesvol verbonden met MongoDB
2025-01-20T10:04:57.042Z [INFO]: Registering inventory routes
2025-01-20T10:04:57.051Z [INFO]: Server draait op poort 27017
2025-01-20T10:04:57.054Z [INFO]: Succesvol verbonden met MongoDB
2025-01-20T10:05:02.592Z [INFO]: Registering inventory routes
2025-01-20T10:05:02.600Z [INFO]: Server draait op poort 27017
2025-01-20T10:05:02.604Z [INFO]: Succesvol verbonden met MongoDB
2025-01-20T10:05:58.431Z [INFO]: Registering inventory routes
2025-01-20T10:05:58.441Z [INFO]: Server draait op poort 27017
2025-01-20T10:05:58.445Z [INFO]: Succesvol verbonden met MongoDB
2025-01-20T10:06:08.054Z [INFO]: Registering inventory routes
2025-01-20T10:06:08.062Z [INFO]: Server draait op poort 27017
2025-01-20T10:06:08.066Z [INFO]: Succesvol verbonden met MongoDB
2025-01-20T10:08:35.812Z [INFO]: Registering inventory routes
2025-01-20T10:08:35.821Z [INFO]: Server draait op poort 27017
2025-01-20T10:08:35.825Z [INFO]: Succesvol verbonden met MongoDB
2025-01-20T10:08:51.430Z [INFO]: Registering inventory routes
2025-01-20T10:08:51.440Z [INFO]: Server draait op poort 27017
2025-01-20T10:08:51.444Z [INFO]: Succesvol verbonden met MongoDB
2025-01-20T10:08:52.380Z [INFO]: Registering inventory routes
2025-01-20T10:08:52.389Z [INFO]: Server draait op poort 27017
2025-01-20T10:08:52.393Z [INFO]: Succesvol verbonden met MongoDB
2025-01-20T10:08:57.483Z [INFO]: Registering inventory routes
2025-01-20T10:08:57.492Z [INFO]: Server draait op poort 27017
2025-01-20T10:08:57.495Z [INFO]: Succesvol verbonden met MongoDB
2025-01-20T10:09:13.680Z [INFO]: Registering inventory routes
2025-01-20T10:09:13.691Z [INFO]: Server draait op poort 27017
2025-01-20T10:09:13.694Z [INFO]: Succesvol verbonden met MongoDB
2025-01-20T10:09:16.901Z [INFO]: Registering inventory routes
2025-01-20T10:09:16.909Z [INFO]: Server draait op poort 27017
2025-01-20T10:09:16.913Z [INFO]: Succesvol verbonden met MongoDB
2025-01-20T10:09:18.848Z [INFO]: Registering inventory routes
2025-01-20T10:09:18.857Z [INFO]: Server draait op poort 27017
2025-01-20T10:09:18.861Z [INFO]: Succesvol verbonden met MongoDB
2025-01-20T10:09:29.543Z [INFO]: Registering inventory routes
2025-01-20T10:09:29.552Z [INFO]: Server draait op poort 27017
2025-01-20T10:09:29.556Z [INFO]: Succesvol verbonden met MongoDB
2025-01-20T10:09:35.948Z [INFO]: Registering inventory routes
2025-01-20T10:09:35.956Z [INFO]: Server draait op poort 27017
2025-01-20T10:09:35.961Z [INFO]: Succesvol verbonden met MongoDB
2025-01-20T10:09:37.544Z [INFO]: Registering inventory routes
2025-01-20T10:09:37.552Z [INFO]: Server draait op poort 27017
2025-01-20T10:09:37.557Z [INFO]: Succesvol verbonden met MongoDB
2025-01-20T10:09:39.165Z [INFO]: Registering inventory routes
2025-01-20T10:09:39.173Z [INFO]: Server draait op poort 27017
2025-01-20T10:09:39.178Z [INFO]: Succesvol verbonden met MongoDB
2025-01-20T10:09:41.622Z [INFO]: Registering inventory routes
2025-01-20T10:09:41.632Z [INFO]: Server draait op poort 27017
2025-01-20T10:09:41.636Z [INFO]: Succesvol verbonden met MongoDB
2025-01-20T10:09:43.355Z [INFO]: Registering inventory routes
2025-01-20T10:09:43.364Z [INFO]: Server draait op poort 27017
2025-01-20T10:09:43.369Z [INFO]: Succesvol verbonden met MongoDB
2025-01-20T10:09:44.632Z [INFO]: Registering inventory routes
2025-01-20T10:09:44.640Z [INFO]: Server draait op poort 27017
2025-01-20T10:09:44.644Z [INFO]: Succesvol verbonden met MongoDB
2025-01-20T10:09:59.980Z [INFO]: Registering inventory routes
2025-01-20T10:09:59.989Z [INFO]: Server draait op poort 27017
2025-01-20T10:09:59.993Z [INFO]: Succesvol verbonden met MongoDB
2025-01-20T10:10:02.046Z [INFO]: Registering inventory routes
2025-01-20T10:10:02.054Z [INFO]: Server draait op poort 27017
2025-01-20T10:10:02.059Z [INFO]: Succesvol verbonden met MongoDB
2025-01-20T10:10:06.043Z [INFO]: Registering inventory routes
2025-01-20T10:10:06.051Z [INFO]: Server draait op poort 27017
2025-01-20T10:10:06.055Z [INFO]: Succesvol verbonden met MongoDB
2025-01-20T10:10:09.484Z [INFO]: Registering inventory routes
2025-01-20T10:10:09.493Z [INFO]: Server draait op poort 27017
2025-01-20T10:10:09.497Z [INFO]: Succesvol verbonden met MongoDB
2025-01-20T10:10:11.649Z [INFO]: Registering inventory routes
2025-01-20T10:10:11.659Z [INFO]: Server draait op poort 27017
2025-01-20T10:10:11.663Z [INFO]: Succesvol verbonden met MongoDB
2025-01-20T10:10:49.845Z [INFO]: Registering inventory routes
2025-01-20T10:10:49.854Z [INFO]: Server draait op poort 27017
2025-01-20T10:10:49.860Z [INFO]: Succesvol verbonden met MongoDB
2025-01-20T10:10:52.853Z [INFO]: Registering inventory routes
2025-01-20T10:10:52.862Z [INFO]: Server draait op poort 27017
2025-01-20T10:10:52.865Z [INFO]: Succesvol verbonden met MongoDB
2025-01-20T10:10:54.598Z [INFO]: Registering inventory routes
2025-01-20T10:10:54.607Z [INFO]: Server draait op poort 27017
2025-01-20T10:10:54.611Z [INFO]: Succesvol verbonden met MongoDB
2025-01-20T10:10:55.990Z [INFO]: Registering inventory routes
2025-01-20T10:10:55.999Z [INFO]: Server draait op poort 27017
2025-01-20T10:10:56.004Z [INFO]: Succesvol verbonden met MongoDB
2025-01-20T10:10:57.966Z [INFO]: Registering inventory routes
2025-01-20T10:10:57.974Z [INFO]: Server draait op poort 27017
2025-01-20T10:10:57.978Z [INFO]: Succesvol verbonden met MongoDB
2025-01-20T10:11:03.817Z [INFO]: Registering inventory routes
2025-01-20T10:11:03.828Z [INFO]: Server draait op poort 27017
2025-01-20T10:11:03.831Z [INFO]: Succesvol verbonden met MongoDB
2025-01-20T10:11:09.288Z [INFO]: Registering inventory routes
2025-01-20T10:11:09.297Z [INFO]: Server draait op poort 27017
2025-01-20T10:11:09.301Z [INFO]: Succesvol verbonden met MongoDB
2025-01-20T10:11:12.984Z [INFO]: Registering inventory routes
2025-01-20T10:11:12.993Z [INFO]: Server draait op poort 27017
2025-01-20T10:11:12.997Z [INFO]: Succesvol verbonden met MongoDB
2025-01-20T10:11:23.750Z [INFO]: Registering inventory routes
2025-01-20T10:11:23.758Z [INFO]: Server draait op poort 27017
2025-01-20T10:11:23.762Z [INFO]: Succesvol verbonden met MongoDB
2025-01-20T10:13:53.815Z [INFO]: Registering inventory routes
2025-01-20T10:13:53.825Z [INFO]: Server draait op poort 27017
2025-01-20T10:13:53.828Z [INFO]: Succesvol verbonden met MongoDB
2025-01-20T10:14:52.640Z [INFO]: Registering inventory routes
2025-01-20T10:14:52.652Z [INFO]: Server draait op poort 27017
2025-01-20T10:14:52.658Z [INFO]: Succesvol verbonden met MongoDB
2025-01-20T10:31:49.118Z [INFO]: Registering inventory routes
2025-01-20T10:31:49.131Z [INFO]: Server draait op poort 27017
2025-01-20T10:31:49.166Z [INFO]: Succesvol verbonden met MongoDB
2025-01-20T10:31:54.984Z [INFO]: Registering inventory routes
2025-01-20T10:31:54.994Z [INFO]: Server draait op poort 27017
2025-01-20T10:31:54.999Z [INFO]: Succesvol verbonden met MongoDB
2025-01-20T10:32:44.253Z [INFO]: Registering inventory routes
2025-01-20T10:32:44.268Z [INFO]: Server draait op poort 27017
2025-01-20T10:32:44.273Z [INFO]: Succesvol verbonden met MongoDB
2025-01-20T10:32:49.089Z [INFO]: Registering inventory routes
2025-01-20T10:32:49.097Z [INFO]: Server draait op poort 27017
2025-01-20T10:32:49.101Z [INFO]: Succesvol verbonden met MongoDB
2025-01-20T10:32:51.305Z [INFO]: Registering inventory routes
2025-01-20T10:32:51.314Z [INFO]: Server draait op poort 27017
2025-01-20T10:32:51.338Z [INFO]: Succesvol verbonden met MongoDB
2025-01-20T10:34:50.826Z [INFO]: Registering inventory routes
2025-01-20T10:34:50.835Z [INFO]: Server draait op poort 27017
2025-01-20T10:34:50.838Z [INFO]: Succesvol verbonden met MongoDB
2025-01-20T10:34:59.015Z [INFO]: Registering inventory routes
2025-01-20T10:34:59.026Z [INFO]: Server draait op poort 27017
2025-01-20T10:34:59.030Z [INFO]: Succesvol verbonden met MongoDB
2025-01-20T10:35:04.129Z [INFO]: Registering inventory routes
2025-01-20T10:35:04.137Z [INFO]: Server draait op poort 27017
2025-01-20T10:35:04.141Z [INFO]: Succesvol verbonden met MongoDB
2025-01-20T10:35:08.182Z [INFO]: Registering inventory routes
2025-01-20T10:35:08.190Z [INFO]: Server draait op poort 27017
2025-01-20T10:35:08.194Z [INFO]: Succesvol verbonden met MongoDB
2025-01-20T10:35:12.577Z [INFO]: Registering inventory routes
2025-01-20T10:35:12.585Z [INFO]: Server draait op poort 27017
2025-01-20T10:35:12.590Z [INFO]: Succesvol verbonden met MongoDB
2025-01-20T10:35:17.154Z [INFO]: Registering inventory routes
2025-01-20T10:35:17.163Z [INFO]: Server draait op poort 27017
2025-01-20T10:35:17.167Z [INFO]: Succesvol verbonden met MongoDB
2025-01-20T10:35:21.916Z [INFO]: Registering inventory routes
2025-01-20T10:35:21.925Z [INFO]: Server draait op poort 27017
2025-01-20T10:35:21.929Z [INFO]: Succesvol verbonden met MongoDB
2025-01-20T10:35:26.494Z [INFO]: Registering inventory routes
2025-01-20T10:35:26.502Z [INFO]: Server draait op poort 27017
2025-01-20T10:35:26.506Z [INFO]: Succesvol verbonden met MongoDB
2025-01-20T10:35:30.174Z [INFO]: Registering inventory routes
2025-01-20T10:35:30.183Z [INFO]: Server draait op poort 27017
2025-01-20T10:35:30.187Z [INFO]: Succesvol verbonden met MongoDB
2025-01-20T10:35:32.081Z [INFO]: Registering inventory routes
2025-01-20T10:35:32.090Z [INFO]: Server draait op poort 27017
2025-01-20T10:35:32.093Z [INFO]: Succesvol verbonden met MongoDB
2025-01-20T10:35:33.776Z [INFO]: Registering inventory routes
2025-01-20T10:35:33.785Z [INFO]: Server draait op poort 27017
2025-01-20T10:35:33.788Z [INFO]: Succesvol verbonden met MongoDB
2025-01-20T10:35:36.745Z [INFO]: Registering inventory routes
2025-01-20T10:35:36.753Z [INFO]: Server draait op poort 27017
2025-01-20T10:35:36.757Z [INFO]: Succesvol verbonden met MongoDB
2025-01-20T10:35:38.768Z [INFO]: Registering inventory routes
2025-01-20T10:35:38.776Z [INFO]: Server draait op poort 27017
2025-01-20T10:35:38.781Z [INFO]: Succesvol verbonden met MongoDB
2025-01-20T10:35:44.236Z [INFO]: Registering inventory routes
2025-01-20T10:35:44.245Z [INFO]: Server draait op poort 27017
2025-01-20T10:35:44.249Z [INFO]: Succesvol verbonden met MongoDB
2025-01-20T10:35:45.802Z [INFO]: Registering inventory routes
2025-01-20T10:35:45.810Z [INFO]: Server draait op poort 27017
2025-01-20T10:35:45.814Z [INFO]: Succesvol verbonden met MongoDB
2025-01-20T10:35:49.327Z [INFO]: Registering inventory routes
2025-01-20T10:35:49.336Z [INFO]: Server draait op poort 27017
2025-01-20T10:35:49.340Z [INFO]: Succesvol verbonden met MongoDB
2025-01-20T10:35:50.753Z [INFO]: Registering inventory routes
2025-01-20T10:35:50.762Z [INFO]: Server draait op poort 27017
2025-01-20T10:35:50.767Z [INFO]: Succesvol verbonden met MongoDB
2025-01-20T10:35:52.608Z [INFO]: Registering inventory routes
2025-01-20T10:35:52.616Z [INFO]: Server draait op poort 27017
2025-01-20T10:35:52.620Z [INFO]: Succesvol verbonden met MongoDB
2025-01-20T10:35:57.324Z [INFO]: Registering inventory routes
2025-01-20T10:35:57.333Z [INFO]: Server draait op poort 27017
2025-01-20T10:35:57.337Z [INFO]: Succesvol verbonden met MongoDB
2025-01-20T10:36:01.075Z [INFO]: Registering inventory routes
2025-01-20T10:36:01.084Z [INFO]: Server draait op poort 27017
2025-01-20T10:36:01.088Z [INFO]: Succesvol verbonden met MongoDB
2025-01-20T10:36:04.272Z [INFO]: Registering inventory routes
2025-01-20T10:36:04.281Z [INFO]: Server draait op poort 27017
2025-01-20T10:36:04.285Z [INFO]: Succesvol verbonden met MongoDB
2025-01-20T10:36:12.653Z [INFO]: Registering inventory routes
2025-01-20T10:36:12.662Z [INFO]: Server draait op poort 27017
2025-01-20T10:36:12.666Z [INFO]: Succesvol verbonden met MongoDB
2025-01-20T10:36:17.948Z [INFO]: Registering inventory routes
2025-01-20T10:36:17.957Z [INFO]: Server draait op poort 27017
2025-01-20T10:36:17.960Z [INFO]: Succesvol verbonden met MongoDB
2025-01-20T10:36:23.269Z [INFO]: Registering inventory routes
2025-01-20T10:36:23.278Z [INFO]: Server draait op poort 27017
2025-01-20T10:36:23.282Z [INFO]: Succesvol verbonden met MongoDB
2025-01-20T10:36:33.100Z [INFO]: Registering inventory routes
2025-01-20T10:36:33.111Z [INFO]: Server draait op poort 27017
2025-01-20T10:36:33.116Z [INFO]: Succesvol verbonden met MongoDB
2025-01-20T10:36:35.718Z [INFO]: Registering inventory routes
2025-01-20T10:36:35.726Z [INFO]: Server draait op poort 27017
2025-01-20T10:36:35.731Z [INFO]: Succesvol verbonden met MongoDB
2025-01-20T10:36:40.725Z [INFO]: Registering inventory routes
2025-01-20T10:36:40.734Z [INFO]: Server draait op poort 27017
2025-01-20T10:36:40.738Z [INFO]: Succesvol verbonden met MongoDB
2025-01-20T10:36:43.741Z [INFO]: Registering inventory routes
2025-01-20T10:36:43.748Z [INFO]: Server draait op poort 27017
2025-01-20T10:36:43.753Z [INFO]: Succesvol verbonden met MongoDB
2025-01-20T10:36:46.697Z [INFO]: Registering inventory routes
2025-01-20T10:36:46.706Z [INFO]: Server draait op poort 27017
2025-01-20T10:36:46.710Z [INFO]: Succesvol verbonden met MongoDB
2025-01-20T10:36:49.178Z [INFO]: Registering inventory routes
2025-01-20T10:36:49.187Z [INFO]: Server draait op poort 27017
2025-01-20T10:36:49.193Z [INFO]: Succesvol verbonden met MongoDB
2025-01-20T10:36:50.937Z [INFO]: Registering inventory routes
2025-01-20T10:36:50.945Z [INFO]: Server draait op poort 27017
2025-01-20T10:36:50.949Z [INFO]: Succesvol verbonden met MongoDB
2025-01-20T10:36:53.571Z [INFO]: Registering inventory routes
2025-01-20T10:36:53.580Z [INFO]: Server draait op poort 27017
2025-01-20T10:36:53.584Z [INFO]: Succesvol verbonden met MongoDB
2025-01-20T10:36:55.056Z [INFO]: Registering inventory routes
2025-01-20T10:36:55.066Z [INFO]: Server draait op poort 27017
2025-01-20T10:36:55.070Z [INFO]: Succesvol verbonden met MongoDB
2025-01-20T10:36:56.338Z [INFO]: Registering inventory routes
2025-01-20T10:36:56.346Z [INFO]: Server draait op poort 27017
2025-01-20T10:36:56.351Z [INFO]: Succesvol verbonden met MongoDB
2025-01-20T10:37:03.634Z [INFO]: Registering inventory routes
2025-01-20T10:37:03.642Z [INFO]: Server draait op poort 27017
2025-01-20T10:37:03.646Z [INFO]: Succesvol verbonden met MongoDB
2025-01-20T10:37:11.431Z [INFO]: Registering inventory routes
2025-01-20T10:37:11.440Z [INFO]: Server draait op poort 27017
2025-01-20T10:37:11.444Z [INFO]: Succesvol verbonden met MongoDB
2025-01-20T10:37:12.849Z [INFO]: Registering inventory routes
2025-01-20T10:37:12.858Z [INFO]: Server draait op poort 27017
2025-01-20T10:37:12.862Z [INFO]: Succesvol verbonden met MongoDB
2025-01-20T10:37:14.037Z [INFO]: Registering inventory routes
2025-01-20T10:37:14.045Z [INFO]: Server draait op poort 27017
2025-01-20T10:37:14.049Z [INFO]: Succesvol verbonden met MongoDB
2025-01-20T10:37:15.410Z [INFO]: Registering inventory routes
2025-01-20T10:37:15.419Z [INFO]: Server draait op poort 27017
2025-01-20T10:37:15.423Z [INFO]: Succesvol verbonden met MongoDB
2025-01-20T10:37:17.267Z [INFO]: Registering inventory routes
2025-01-20T10:37:17.277Z [INFO]: Server draait op poort 27017
2025-01-20T10:37:17.281Z [INFO]: Succesvol verbonden met MongoDB
2025-01-20T10:37:22.005Z [INFO]: Registering inventory routes
2025-01-20T10:37:22.014Z [INFO]: Server draait op poort 27017
2025-01-20T10:37:22.018Z [INFO]: Succesvol verbonden met MongoDB
2025-01-20T10:37:31.568Z [INFO]: Registering inventory routes
2025-01-20T10:37:31.576Z [INFO]: Server draait op poort 27017
2025-01-20T10:37:31.580Z [INFO]: Succesvol verbonden met MongoDB
2025-01-20T10:37:34.553Z [INFO]: Registering inventory routes
2025-01-20T10:37:34.561Z [INFO]: Server draait op poort 27017
2025-01-20T10:37:34.565Z [INFO]: Succesvol verbonden met MongoDB
2025-01-20T10:37:38.005Z [INFO]: Registering inventory routes
2025-01-20T10:37:38.015Z [INFO]: Server draait op poort 27017
2025-01-20T10:37:38.020Z [INFO]: Succesvol verbonden met MongoDB
2025-01-20T10:37:40.439Z [INFO]: Registering inventory routes
2025-01-20T10:37:40.448Z [INFO]: Server draait op poort 27017
2025-01-20T10:37:40.451Z [INFO]: Succesvol verbonden met MongoDB
2025-01-20T10:37:43.587Z [INFO]: Registering inventory routes
2025-01-20T10:37:43.595Z [INFO]: Server draait op poort 27017
2025-01-20T10:37:43.600Z [INFO]: Succesvol verbonden met MongoDB
2025-01-20T10:37:44.728Z [INFO]: Registering inventory routes
2025-01-20T10:37:44.737Z [INFO]: Server draait op poort 27017
2025-01-20T10:37:44.741Z [INFO]: Succesvol verbonden met MongoDB
2025-01-20T10:37:47.272Z [INFO]: Registering inventory routes
2025-01-20T10:37:47.281Z [INFO]: Server draait op poort 27017
2025-01-20T10:37:47.285Z [INFO]: Succesvol verbonden met MongoDB
2025-01-20T10:37:48.339Z [INFO]: Registering inventory routes
2025-01-20T10:37:48.348Z [INFO]: Server draait op poort 27017
2025-01-20T10:37:48.351Z [INFO]: Succesvol verbonden met MongoDB
2025-01-20T10:37:50.145Z [INFO]: Registering inventory routes
2025-01-20T10:37:50.154Z [INFO]: Server draait op poort 27017
2025-01-20T10:37:50.158Z [INFO]: Succesvol verbonden met MongoDB
2025-01-20T10:37:51.742Z [INFO]: Registering inventory routes
2025-01-20T10:37:51.752Z [INFO]: Server draait op poort 27017
2025-01-20T10:37:51.756Z [INFO]: Succesvol verbonden met MongoDB
2025-01-20T10:37:54.546Z [INFO]: Registering inventory routes
2025-01-20T10:37:54.554Z [INFO]: Server draait op poort 27017
2025-01-20T10:37:54.559Z [INFO]: Succesvol verbonden met MongoDB
2025-01-20T10:37:58.210Z [INFO]: Registering inventory routes
2025-01-20T10:37:58.218Z [INFO]: Server draait op poort 27017
2025-01-20T10:37:58.221Z [INFO]: Succesvol verbonden met MongoDB
2025-01-20T10:37:59.948Z [INFO]: Registering inventory routes
2025-01-20T10:37:59.956Z [INFO]: Server draait op poort 27017
2025-01-20T10:37:59.960Z [INFO]: Succesvol verbonden met MongoDB
2025-01-20T10:38:01.738Z [INFO]: Registering inventory routes
2025-01-20T10:38:01.748Z [INFO]: Server draait op poort 27017
2025-01-20T10:38:01.752Z [INFO]: Succesvol verbonden met MongoDB
2025-01-20T10:38:04.285Z [INFO]: Registering inventory routes
2025-01-20T10:38:04.293Z [INFO]: Server draait op poort 27017
2025-01-20T10:38:04.297Z [INFO]: Succesvol verbonden met MongoDB
2025-01-20T10:38:23.119Z [INFO]: Registering inventory routes
2025-01-20T10:38:23.127Z [INFO]: Server draait op poort 27017
2025-01-20T10:38:23.131Z [INFO]: Succesvol verbonden met MongoDB
2025-01-20T10:38:28.759Z [INFO]: Registering inventory routes
2025-01-20T10:38:28.768Z [INFO]: Server draait op poort 27017
2025-01-20T10:38:28.772Z [INFO]: Succesvol verbonden met MongoDB
2025-01-20T10:38:33.587Z [INFO]: Registering inventory routes
2025-01-20T10:38:33.595Z [INFO]: Server draait op poort 27017
2025-01-20T10:38:33.599Z [INFO]: Succesvol verbonden met MongoDB
2025-01-20T10:38:35.554Z [INFO]: Registering inventory routes
2025-01-20T10:38:35.562Z [INFO]: Server draait op poort 27017
2025-01-20T10:38:35.567Z [INFO]: Succesvol verbonden met MongoDB
2025-01-20T10:44:50.318Z [INFO]: Registering inventory routes
2025-01-20T10:44:50.328Z [INFO]: Server draait op poort 27017
2025-01-20T10:44:50.332Z [INFO]: Succesvol verbonden met MongoDB
2025-01-20T11:32:54.339Z [INFO]: Registering inventory routes
2025-01-20T11:32:54.348Z [INFO]: Server draait op poort 27017
2025-01-20T11:32:54.354Z [INFO]: Succesvol verbonden met MongoDB
2025-01-20T11:35:57.252Z [INFO]: Registering inventory routes
2025-01-20T11:35:57.260Z [INFO]: Server draait op poort 27017
2025-01-20T11:35:57.264Z [INFO]: Succesvol verbonden met MongoDB
2025-01-20T11:36:37.472Z [INFO]: Registering inventory routes
2025-01-20T11:36:37.479Z [INFO]: Server draait op poort 27017
2025-01-20T11:36:37.484Z [INFO]: Succesvol verbonden met MongoDB
2025-01-20T13:29:11.596Z [INFO]: Registering inventory routes
2025-01-20T13:29:11.599Z [INFO]: Verbinding maken met MongoDB op: mongodb://145.24.222.50:27017/StockStream
