2025-01-16T22:35:00.130Z [ERROR]: MongoDB-verbinding mislukt: Invalid scheme, expected connection string to start with "mongodb://" or "mongodb+srv://"
2025-01-16T22:37:12.806Z [ERROR]: MongoDB-verbinding mislukt: Invalid scheme, expected connection string to start with "mongodb://" or "mongodb+srv://"
2025-01-16T22:37:25.332Z [ERROR]: MongoDB-verbinding mislukt: Invalid scheme, expected connection string to start with "mongodb://" or "mongodb+srv://"
2025-01-16T22:37:29.205Z [ERROR]: MongoDB-verbinding mislukt: Invalid scheme, expected connection string to start with "mongodb://" or "mongodb+srv://"
2025-01-16T22:38:28.349Z [ERROR]: MongoDB-verbinding mislukt: Invalid scheme, expected connection string to start with "mongodb://" or "mongodb+srv://"
2025-01-16T22:38:40.304Z [ERROR]: MongoDB-verbinding mislukt: Invalid scheme, expected connection string to start with "mongodb://" or "mongodb+srv://"
2025-01-16T22:39:09.888Z [ERROR]: MongoDB-verbinding mislukt: Invalid scheme, expected connection string to start with "mongodb://" or "mongodb+srv://"
2025-01-16T22:39:41.969Z [ERROR]: MongoDB-verbinding mislukt: Invalid scheme, expected connection string to start with "mongodb://" or "mongodb+srv://"
2025-01-16T22:42:24.903Z [ERROR]: MongoDB-verbinding mislukt: Invalid scheme, expected connection string to start with "mongodb://" or "mongodb+srv://"
2025-01-16T22:42:46.933Z [ERROR]: MongoDB-verbinding mislukt: Invalid scheme, expected connection string to start with "mongodb://" or "mongodb+srv://"
2025-01-16T22:43:30.578Z [ERROR]: MongoDB-verbinding mislukt: Invalid scheme, expected connection string to start with "mongodb://" or "mongodb+srv://"
2025-01-16T22:45:16.981Z [ERROR]: MongoDB-verbinding mislukt: Invalid scheme, expected connection string to start with "mongodb://" or "mongodb+srv://"
2025-01-16T22:47:18.613Z [ERROR]: MongoDB-verbinding mislukt: Invalid scheme, expected connection string to start with "mongodb://" or "mongodb+srv://"
2025-01-16T22:50:13.459Z [ERROR]: MongoDB-verbinding mislukt: Invalid scheme, expected connection string to start with "mongodb://" or "mongodb+srv://"
2025-01-16T22:50:19.381Z [ERROR]: MongoDB-verbinding mislukt: Invalid scheme, expected connection string to start with "mongodb://" or "mongodb+srv://"
2025-01-16T22:50:41.965Z [ERROR]: MongoDB-verbinding mislukt: Invalid scheme, expected connection string to start with "mongodb://" or "mongodb+srv://"
2025-01-16T22:50:47.315Z [ERROR]: MongoDB-verbinding mislukt: Invalid scheme, expected connection string to start with "mongodb://" or "mongodb+srv://"
2025-01-16T22:50:52.019Z [ERROR]: MongoDB-verbinding mislukt: Invalid scheme, expected connection string to start with "mongodb://" or "mongodb+srv://"
2025-01-16T22:51:22.468Z [ERROR]: MongoDB-verbinding mislukt: Invalid scheme, expected connection string to start with "mongodb://" or "mongodb+srv://"
2025-01-16T22:51:25.555Z [ERROR]: MongoDB-verbinding mislukt: Invalid scheme, expected connection string to start with "mongodb://" or "mongodb+srv://"
2025-01-16T22:51:29.662Z [ERROR]: MongoDB-verbinding mislukt: Invalid scheme, expected connection string to start with "mongodb://" or "mongodb+srv://"
2025-01-16T22:52:35.966Z [ERROR]: MongoDB-verbinding mislukt: Invalid scheme, expected connection string to start with "mongodb://" or "mongodb+srv://"
2025-01-16T22:53:01.344Z [ERROR]: MongoDB-verbinding mislukt: Invalid scheme, expected connection string to start with "mongodb://" or "mongodb+srv://"
2025-01-16T22:53:12.861Z [ERROR]: MongoDB-verbinding mislukt: Invalid scheme, expected connection string to start with "mongodb://" or "mongodb+srv://"
2025-01-16T22:53:30.959Z [ERROR]: MongoDB-verbinding mislukt: Invalid scheme, expected connection string to start with "mongodb://" or "mongodb+srv://"
2025-01-16T22:53:44.940Z [ERROR]: MongoDB-verbinding mislukt: Invalid scheme, expected connection string to start with "mongodb://" or "mongodb+srv://"
2025-01-16T22:55:08.610Z [ERROR]: MongoDB-verbinding mislukt: Invalid scheme, expected connection string to start with "mongodb://" or "mongodb+srv://"
2025-01-16T22:55:24.756Z [ERROR]: MongoDB-verbinding mislukt: Invalid scheme, expected connection string to start with "mongodb://" or "mongodb+srv://"
2025-01-16T22:56:17.887Z [ERROR]: MongoDB-verbinding mislukt: Invalid scheme, expected connection string to start with "mongodb://" or "mongodb+srv://"
2025-01-16T22:56:26.629Z [ERROR]: MongoDB-verbinding mislukt: Invalid scheme, expected connection string to start with "mongodb://" or "mongodb+srv://"
2025-01-16T22:56:33.195Z [ERROR]: MongoDB-verbinding mislukt: Invalid scheme, expected connection string to start with "mongodb://" or "mongodb+srv://"
2025-01-16T22:58:15.686Z [ERROR]: MongoDB-verbinding mislukt: Invalid scheme, expected connection string to start with "mongodb://" or "mongodb+srv://"
2025-01-16T23:00:28.397Z [ERROR]: MongoDB-verbinding mislukt: Invalid scheme, expected connection string to start with "mongodb://" or "mongodb+srv://"
2025-01-16T23:00:42.180Z [ERROR]: MongoDB-verbinding mislukt: Invalid scheme, expected connection string to start with "mongodb://" or "mongodb+srv://"
2025-01-16T23:01:59.526Z [ERROR]: MongoDB-verbinding mislukt: Invalid scheme, expected connection string to start with "mongodb://" or "mongodb+srv://"
2025-01-16T23:03:06.999Z [ERROR]: MongoDB-verbinding mislukt: Invalid scheme, expected connection string to start with "mongodb://" or "mongodb+srv://"
2025-01-16T23:03:45.836Z [ERROR]: MongoDB-verbinding mislukt: Invalid scheme, expected connection string to start with "mongodb://" or "mongodb+srv://"
2025-01-16T23:03:50.576Z [ERROR]: MongoDB-verbinding mislukt: Invalid scheme, expected connection string to start with "mongodb://" or "mongodb+srv://"
2025-01-17T15:17:50.462Z [ERROR]: MongoDB-verbinding mislukt: Invalid scheme, expected connection string to start with "mongodb://" or "mongodb+srv://"
2025-01-20T09:30:39.659Z [ERROR]: MongoDB-verbinding mislukt: dbConfig is not defined
2025-01-20T09:30:53.430Z [ERROR]: MongoDB-verbinding mislukt: dbConfig is not defined
2025-01-20T09:30:54.911Z [ERROR]: MongoDB-verbinding mislukt: dbConfig is not defined
2025-01-20T09:30:58.772Z [ERROR]: MongoDB-verbinding mislukt: dbConfig is not defined
2025-01-20T13:29:41.608Z [ERROR]: MongoDB-verbinding mislukt: connect ETIMEDOUT 145.24.222.50:27017
2025-01-20T15:05:42.432Z [ERROR]: [Route] Fout bij ophalen van voorraad: error is not defined
2025-01-21T10:43:32.390Z [ERROR]: Incorrect header: Expected application/json, received */*
2025-01-21T10:44:09.764Z [ERROR]: [Route] Fout bij ophalen van voorraad: error is not defined
2025-01-21T11:50:11.013Z [ERROR]: Error in UserSeeder
2025-01-21T11:50:11.013Z [ERROR]: An error occurred while seeding the database
2025-01-21T11:50:11.013Z [ERROR]: db already exists with different case already have: [stockstream] trying to create [StockStream]
2025-01-21T11:56:17.561Z [ERROR]: Error in UserSeeder
2025-01-21T11:56:17.562Z [ERROR]: An error occurred while seeding the database
2025-01-21T11:56:17.562Z [ERROR]: db already exists with different case already have: [stockstream] trying to create [StockStream]
2025-01-21T12:00:48.058Z [ERROR]: Error in UserSeeder
2025-01-21T12:00:48.059Z [ERROR]: An error occurred while seeding the database
2025-01-21T12:00:48.059Z [ERROR]: db already exists with different case already have: [stockstream] trying to create [StockStream]
2025-01-21T12:01:12.844Z [ERROR]: Error in UserSeeder
2025-01-21T12:01:12.844Z [ERROR]: An error occurred while seeding the database
2025-01-21T12:01:12.844Z [ERROR]: db already exists with different case already have: [stockstream] trying to create [StockStream]
2025-01-21T12:19:44.950Z [ERROR]: Error in UserSeeder
2025-01-21T12:19:44.950Z [ERROR]: An error occurred while seeding the database
2025-01-21T12:19:44.950Z [ERROR]: db already exists with different case already have: [stockstream] trying to create [StockStream]
2025-01-21T12:21:53.180Z [ERROR]: Error in InventorySeeder
2025-01-21T12:21:53.180Z [ERROR]: An error occurred while seeding the database
2025-01-21T12:21:53.180Z [ERROR]: Inventory validation failed: status: Cast to Boolean failed for value "In Stock" (type string) at path "status" because of "CastError"
2025-01-21T12:24:57.755Z [ERROR]: Incorrect header: Expected application/json, received */*
2025-01-21T12:25:34.434Z [ERROR]: [Route] Fout bij ophalen van voorraad: error is not defined
2025-01-21T12:26:32.951Z [ERROR]: [Route] Fout bij ophalen van voorraad: error is not defined
2025-01-21T13:55:52.847Z [ERROR]: Route not found: [POST] /inventory
2025-01-21T13:56:02.673Z [ERROR]: Route not found: [POST] //inventory
2025-01-21T13:57:54.319Z [ERROR]: Route not found: [POST] /inventory
2025-01-21T13:58:28.042Z [ERROR]: [Route] Fout bij het maken van nieuw voorraaditem: err is not defined
2025-01-21T13:59:37.349Z [ERROR]: [Route] Fout bij het maken van nieuw voorraaditem: err is not defined
2025-01-21T14:00:07.016Z [ERROR]: [Route] Fout bij het maken van nieuw voorraaditem: err is not defined
2025-01-21T14:01:00.844Z [ERROR]: [Route] Fout bij het maken van nieuw voorraaditem: err is not defined
2025-01-21T14:01:22.447Z [ERROR]: [Route] Fout bij het maken van nieuw voorraaditem: undefined
2025-01-21T14:04:04.322Z [ERROR]: [Route] Fout bij het maken van nieuw voorraaditem: undefined
2025-01-21T14:05:59.897Z [ERROR]: [Route] Fout bij het maken van nieuw voorraaditem: err is not defined
2025-01-21T20:36:55.676Z [ERROR]: [Route] Fout bij het maken van nieuw voorraaditem: err is not defined
2025-01-21T20:51:28.645Z [ERROR]: [Route] Fout bij het maken van nieuw voorraaditem: err is not defined
2025-01-21T20:56:28.381Z [ERROR]: [Route] Fout bij het maken van nieuw voorraaditem: err is not defined
2025-01-21T20:57:13.528Z [ERROR]: [Route] Fout bij het maken van nieuw voorraaditem: req is not defined
2025-01-21T20:57:13.529Z [ERROR]: [Route] Fout bij het maken van nieuw voorraaditem: res is not defined
2025-01-21T20:57:14.586Z [ERROR]: [Route] Fout bij het maken van nieuw voorraaditem: req is not defined
2025-01-21T20:57:14.586Z [ERROR]: [Route] Fout bij het maken van nieuw voorraaditem: res is not defined
2025-01-21T20:58:28.909Z [ERROR]: [Route] Fout bij het maken van nieuw voorraaditem: req is not defined
2025-01-21T20:58:28.910Z [ERROR]: [Route] Fout bij het maken van nieuw voorraaditem: res is not defined
2025-01-21T21:00:10.718Z [ERROR]: [Route] Fout bij het maken van nieuw voorraaditem: err is not defined
2025-01-21T21:01:54.655Z [ERROR]: [Route] Fout bij het maken van nieuw voorraaditem: err is not defined
2025-01-21T21:03:54.780Z [ERROR]: [Route] Fout bij het maken van nieuw voorraaditem: err is not defined
2025-01-21T21:05:36.861Z [ERROR]: [Route] Fout bij het maken van nieuw voorraaditem: err is not defined
2025-01-21T21:05:39.357Z [ERROR]: [Route] Fout bij het maken van nieuw voorraaditem: err is not defined
2025-01-21T21:05:56.392Z [ERROR]: [Route] Fout bij het maken van nieuw voorraaditem: err is not defined
2025-01-21T21:07:41.184Z [ERROR]: [Route] Fout bij het maken van nieuw voorraaditem: err is not defined
2025-01-21T21:08:13.493Z [ERROR]: [Controller] Fout bij toevoegen van inventaris: req is not defined
2025-01-21T21:08:13.494Z [ERROR]: [Route] Fout bij het maken van nieuw voorraaditem: res is not defined
2025-01-21T21:11:17.087Z [ERROR]: [Controller] Fout bij toevoegen van inventaris: Cannot read properties of undefined (reading 'body')
2025-01-21T21:11:17.088Z [ERROR]: [Route] Fout bij het maken van nieuw voorraaditem: Cannot read properties of undefined (reading 'status')
2025-01-21T21:20:27.246Z [ERROR]: [Controller] Fout bij toevoegen van inventaris: Cannot read properties of undefined (reading 'body')
2025-01-21T21:20:27.246Z [ERROR]: [Route] Fout bij het maken van nieuw voorraaditem: Cannot read properties of undefined (reading 'status')
2025-01-21T21:20:30.099Z [ERROR]: [Controller] Fout bij toevoegen van inventaris: Cannot read properties of undefined (reading 'body')
2025-01-21T21:20:30.099Z [ERROR]: [Route] Fout bij het maken van nieuw voorraaditem: Cannot read properties of undefined (reading 'status')
2025-01-21T21:22:06.153Z [ERROR]: [Controller] Fout bij toevoegen van inventaris: Cannot read properties of undefined (reading 'name')
2025-01-21T21:22:06.154Z [ERROR]: [Route] Fout bij het maken van nieuw voorraaditem: Cannot read properties of undefined (reading 'status')
2025-01-21T21:24:34.655Z [ERROR]: [Controller] Fout bij toevoegen van inventaris
2025-01-21T21:24:34.655Z [ERROR]: [Route] Fout bij het maken van nieuw voorraaditem: Cannot read properties of undefined (reading 'status')
2025-01-21T21:38:55.471Z [ERROR]: [Controller] Fout bij toevoegen van inventaris
2025-01-21T21:38:55.472Z [ERROR]: [Route] Fout bij het maken van nieuw voorraaditem: Cannot read properties of undefined (reading 'status')
2025-01-21T21:46:22.948Z [ERROR]: [Controller] Fout bij toevoegen van inventaris
2025-01-21T21:46:22.948Z [ERROR]: [Route] Fout bij het maken van nieuw voorraaditem: Cannot read properties of undefined (reading 'status')
2025-01-21T21:47:12.788Z [ERROR]: [Controller] Fout bij toevoegen van inventaris
2025-01-21T21:47:12.788Z [ERROR]: [Route] Fout bij het maken van nieuw voorraaditem: Cannot read properties of undefined (reading 'status')
2025-01-21T21:47:14.250Z [ERROR]: [Controller] Fout bij toevoegen van inventaris
2025-01-21T21:47:14.250Z [ERROR]: [Route] Fout bij het maken van nieuw voorraaditem: Cannot read properties of undefined (reading 'status')
2025-01-21T22:38:11.535Z [ERROR]: [Controller] Fout bij toevoegen van inventaris
2025-01-21T22:38:11.536Z [ERROR]: [Route] Fout bij het maken van nieuw voorraaditem: Cannot read properties of undefined (reading 'status')
2025-01-21T22:38:35.672Z [ERROR]: [Controller] Fout bij toevoegen van inventaris
2025-01-21T22:38:35.673Z [ERROR]: [Route] Fout bij het maken van nieuw voorraaditem: Cannot read properties of undefined (reading 'status')
2025-01-21T22:38:59.550Z [ERROR]: [Controller] Fout bij toevoegen van inventaris
2025-01-21T22:38:59.550Z [ERROR]: [Route] Fout bij het maken van nieuw voorraaditem: Cannot read properties of undefined (reading 'status')
2025-01-22T09:41:13.446Z [ERROR]: Incorrect header: Expected application/json, received */*
2025-01-22T09:44:35.316Z [ERROR]: [Controller] Fout bij toevoegen van inventaris
2025-01-22T09:44:35.316Z [ERROR]: [Route] Fout bij het maken van nieuw voorraaditem: Cannot read properties of undefined (reading 'status')
2025-01-22T09:45:38.723Z [ERROR]: [Controller] Fout bij toevoegen van inventaris
2025-01-22T09:45:38.723Z [ERROR]: [Route] Fout bij het maken van nieuw voorraaditem: Cannot read properties of undefined (reading 'status')
2025-01-22T09:56:40.921Z [ERROR]: [Controller] Fout bij toevoegen van inventaris
2025-01-22T09:56:40.921Z [ERROR]: [Route] Fout bij het maken van nieuw voorraaditem: Cannot read properties of undefined (reading 'status')
2025-01-22T10:00:13.860Z [ERROR]: [Controller] Fout bij toevoegen van inventaris
2025-01-22T10:00:13.860Z [ERROR]: [Route] Fout bij het maken van nieuw voorraaditem: Cannot read properties of undefined (reading 'status')
2025-01-22T10:02:47.001Z [ERROR]: [Controller] Fout bij toevoegen van inventaris
2025-01-22T10:02:47.002Z [ERROR]: [Route] Fout bij het maken van nieuw voorraaditem: Cannot read properties of undefined (reading 'status')
2025-01-22T10:03:18.184Z [ERROR]: [Controller] Fout bij toevoegen van inventaris
2025-01-22T10:03:18.185Z [ERROR]: [Route] Fout bij het maken van nieuw voorraaditem: Cannot read properties of undefined (reading 'status')
2025-01-22T10:09:30.145Z [ERROR]: [Controller] Fout bij toevoegen van inventaris
2025-01-22T10:09:30.145Z [ERROR]: [Route] Fout bij het maken van nieuw voorraaditem: Cannot read properties of undefined (reading 'status')
2025-01-22T10:10:35.799Z [ERROR]: [Controller] Fout bij toevoegen van inventaris
2025-01-22T10:10:35.800Z [ERROR]: [Route] Fout bij het maken van nieuw voorraaditem: Cannot read properties of undefined (reading 'status')
2025-01-22T10:11:54.270Z [ERROR]: [Controller] Fout bij toevoegen van inventaris
2025-01-22T10:11:54.271Z [ERROR]: [Route] Fout bij het maken van nieuw voorraaditem: Cannot read properties of undefined (reading 'status')
2025-01-22T10:12:24.687Z [ERROR]: [Controller] Fout bij toevoegen van inventaris
2025-01-22T10:12:24.688Z [ERROR]: [Route] Fout bij het maken van nieuw voorraaditem: Cannot read properties of undefined (reading 'status')
2025-01-22T10:19:46.802Z [ERROR]: [Controller] Fout bij toevoegen van inventaris
2025-01-22T10:19:46.802Z [ERROR]: [Route] Fout bij het maken van nieuw voorraaditem: Cannot read properties of undefined (reading 'status')
2025-01-22T10:23:26.937Z [ERROR]: [Controller] Fout bij toevoegen van inventaris
2025-01-22T10:23:26.938Z [ERROR]: [Route] Fout bij het maken van nieuw voorraaditem: Cannot read properties of undefined (reading 'status')
2025-01-22T10:24:13.690Z [ERROR]: [Controller] Fout bij toevoegen van inventaris
2025-01-22T10:24:13.690Z [ERROR]: [Route] Fout bij het maken van nieuw voorraaditem: Cannot read properties of undefined (reading 'status')
2025-01-22T10:30:56.022Z [ERROR]: [Controller] Fout bij toevoegen van inventaris
2025-01-22T10:42:40.884Z [ERROR]: [Controller] Fout bij toevoegen van inventaris | Metadata: {"error":"Cannot read properties of undefined (reading 'length')"}
2025-01-22T10:51:23.644Z [ERROR]: Fout bij aanmaken van inventarisitem | Metadata: {"error":"E11000 duplicate key error collection: stockstream.inventories index: barcode_1 dup key: { barcode: \"1234567890123\" }"}
2025-01-22T10:51:23.644Z [ERROR]: [Controller] Fout bij toevoegen van inventaris | Metadata: {"error":"Databasefout: E11000 duplicate key error collection: stockstream.inventories index: barcode_1 dup key: { barcode: \"1234567890123\" }"}
